Tue, 26 Feb 2013 20:17:20 GMT  Starting error logger with log level warn...
Tue, 26 Feb 2013 20:23:08 GMT  server: user interrupt
Tue, 26 Feb 2013 20:23:08 GMT  server: bind: resource busy (Address already in use)
Fri, 15 Mar 2013 10:42:24 GMT  Starting error logger with log level warn...
Fri, 15 Mar 2013 10:42:24 GMT  server: bind: resource busy (Address already in use)
Fri, 15 Mar 2013 10:42:53 GMT  server: user interrupt
Fri, 15 Mar 2013 10:42:53 GMT  server: bind: resource busy (Address already in use)
Fri, 15 Mar 2013 10:42:57 GMT  Starting error logger with log level warn...
Fri, 15 Mar 2013 10:42:57 GMT  server: bind: resource busy (Address already in use)
Fri, 15 Mar 2013 10:43:01 GMT  server: user interrupt
Fri, 15 Mar 2013 10:43:01 GMT  server: bind: resource busy (Address already in use)
Fri, 15 Mar 2013 10:43:20 GMT  Starting error logger with log level warn...
Fri, 15 Mar 2013 12:46:23 GMT  Stopping error logger...
Fri, 15 Mar 2013 12:46:23 GMT  Starting error logger with log level warn...
Wed, 20 Mar 2013 13:50:34 GMT  Starting error logger with log level warn...
Wed, 20 Mar 2013 13:50:34 GMT  server: bind: resource busy (Address already in use)
Wed, 20 Mar 2013 13:50:51 GMT  server: user interrupt
Wed, 20 Mar 2013 13:50:51 GMT  server: bind: resource busy (Address already in use)
Wed, 20 Mar 2013 13:53:05 GMT  Starting error logger with log level warn...
Thu, 21 Mar 2013 15:47:45 GMT  server: user interrupt
Thu, 21 Mar 2013 15:47:45 GMT  server: bind: resource busy (Address already in use)
Thu, 21 Mar 2013 15:47:56 GMT  Starting error logger with log level warn...
Thu, 21 Mar 2013 15:48:57 GMT  server: user interrupt
Thu, 21 Mar 2013 15:48:57 GMT  server: bind: resource busy (Address already in use)
